#
# There is insufficient memory for the Java Runtime Environment to continue.
# Native memory allocation (malloc) failed to allocate 1388496 bytes for Chunk::new
# Possible reasons:
#   The system is out of physical RAM or swap space
#   In 32 bit mode, the process size limit was hit
# Possible solutions:
#   Reduce memory load on the system
#   Increase physical memory or swap space
#   Check if swap backing store is full
#   Use 64 bit Java on a 64 bit OS
#   Decrease Java heap size (-Xmx/-Xms)
#   Decrease number of Java threads
#   Decrease Java thread stack sizes (-Xss)
#   Set larger code cache with -XX:ReservedCodeCacheSize=
# This output file may be truncated or incomplete.
#
#  Out of Memory Error (allocation.cpp:390), pid=8764, tid=4156
#
# JRE version: Java(TM) SE Runtime Environment (8.0_31-b13) (build 1.8.0_31-b13)
# Java VM: Java HotSpot(TM) 64-Bit Server VM (25.31-b07 mixed mode windows-amd64 compressed oops)
# Failed to write core dump. Minidumps are not enabled by default on client versions of Windows
#

---------------  T H R E A D  ---------------

Current thread (0x0000000018b8c800):  JavaThread "C2 CompilerThread0" daemon [_thread_in_native, id=4156, stack(0x0000000019070000,0x0000000019170000)]

Stack: [0x0000000019070000,0x0000000019170000]
Native frames: (J=compiled Java code, j=interpreted, Vv=VM code, C=native code)
V  [jvm.dll+0x3169ba]
V  [jvm.dll+0x2674c3]
V  [jvm.dll+0x268103]
V  [jvm.dll+0x25f8f5]
V  [jvm.dll+0xbf025]
V  [jvm.dll+0xbf4cc]
V  [jvm.dll+0x45df82]
V  [jvm.dll+0x49f21f]
V  [jvm.dll+0x452b35]
V  [jvm.dll+0x454124]
V  [jvm.dll+0x437c62]
V  [jvm.dll+0x988e2]
V  [jvm.dll+0x990d3]
V  [jvm.dll+0x22c194]
V  [jvm.dll+0x28576a]
C  [msvcr100.dll+0x21d9f]
C  [msvcr100.dll+0x21e3b]
C  [KERNEL32.DLL+0x16fd4]
C  [ntdll.dll+0x4cec1]


Current CompileTask:
C2:   2838 2035       4       org.codehaus.plexus.configuration.xml.XmlPlexusConfiguration::<init> (93 bytes)


---------------  P R O C E S S  ---------------

Java Threads: ( => current thread )
  0x0000000018c08000 JavaThread "Service Thread" daemon [_thread_blocked, id=8620, stack(0x0000000019370000,0x0000000019470000)]
  0x0000000018be3800 JavaThread "C1 CompilerThread2" daemon [_thread_blocked, id=9528, stack(0x0000000019270000,0x0000000019370000)]
  0x0000000018b90800 JavaThread "C2 CompilerThread1" daemon [_thread_in_native, id=10840, stack(0x0000000019170000,0x0000000019270000)]
=>0x0000000018b8c800 JavaThread "C2 CompilerThread0" daemon [_thread_in_native, id=4156, stack(0x0000000019070000,0x0000000019170000)]
  0x0000000018b79000 JavaThread "Monitor Ctrl-Break" daemon [_thread_in_native, id=10356, stack(0x0000000018f70000,0x0000000019070000)]
  0x00000000175f0000 JavaThread "Attach Listener" daemon [_thread_blocked, id=2844, stack(0x0000000018a60000,0x0000000018b60000)]
  0x00000000175d7800 JavaThread "Signal Dispatcher" daemon [_thread_blocked, id=12044, stack(0x0000000018960000,0x0000000018a60000)]
  0x00000000175a8800 JavaThread "Finalizer" daemon [_thread_blocked, id=10080, stack(0x0000000018850000,0x0000000018950000)]
  0x000000000335e800 JavaThread "Reference Handler" daemon [_thread_blocked, id=11952, stack(0x0000000018750000,0x0000000018850000)]
  0x000000000107e000 JavaThread "main" [_thread_in_native, id=2372, stack(0x0000000002c70000,0x0000000002d70000)]

Other Threads:
  0x00000000175a6000 VMThread [stack: 0x0000000018650000,0x0000000018750000] [id=7568]
  0x0000000018c3b000 WatcherThread [stack: 0x0000000019470000,0x0000000019570000] [id=9472]

VM state:not at safepoint (normal execution)

VM Mutex/Monitor currently owned by a thread: None

Heap:
 PSYoungGen      total 61952K, used 19512K [0x00000000dae00000, 0x00000000e2700000, 0x0000000100000000)
  eden space 57344K, 26% used [0x00000000dae00000,0x00000000dbc902d8,0x00000000de600000)
  from space 4608K, 99% used [0x00000000de600000,0x00000000dea7e070,0x00000000dea80000)
  to   space 4608K, 0% used [0x00000000e2280000,0x00000000e2280000,0x00000000e2700000)
 ParOldGen       total 76800K, used 6852K [0x0000000090a00000, 0x0000000095500000, 0x00000000dae00000)
  object space 76800K, 8% used [0x0000000090a00000,0x00000000910b1240,0x0000000095500000)
 Metaspace       used 15844K, capacity 16182K, committed 16384K, reserved 1062912K
  class space    used 1904K, capacity 2008K, committed 2048K, reserved 1048576K

Card table byte_map: [0x0000000012730000,0x0000000012ab0000] byte_map_base: 0x00000000122ab000

Marking Bits: (ParMarkBitMap*) 0x000000006cddd4f0
 Begin Bits: [0x0000000013110000, 0x0000000014ce8000)
 End Bits:   [0x0000000014ce8000, 0x00000000168c0000)

Polling page: 0x00000000010d0000

CodeCache: size=245760Kb used=6926Kb max_used=6926Kb free=238833Kb
 bounds [0x0000000003370000, 0x0000000003a40000, 0x0000000012370000]
 total_blobs=2471 nmethods=2103 adapters=282
 compilation: enabled

Compilation events (10 events):
Event: 2.792 Thread 0x0000000018be3800 2095       2       java.lang.Character::isJavaIdentifierStart (5 bytes)
Event: 2.793 Thread 0x0000000018be3800 nmethod 2095 0x0000000003a1df10 code [0x0000000003a1e080, 0x0000000003a1e1f8]
Event: 2.793 Thread 0x0000000018be3800 2096       2       java.lang.CharacterDataLatin1::isJavaIdentifierStart (23 bytes)
Event: 2.793 Thread 0x0000000018be3800 nmethod 2096 0x0000000003a1db10 code [0x0000000003a1dc60, 0x0000000003a1ddf0]
Event: 2.793 Thread 0x0000000018be3800 2097       2       org.codehaus.plexus.interpolation.reflection.ReflectionValueExtractor$Tokenizer::<init> (10 bytes)
Event: 2.793 Thread 0x0000000018be3800 nmethod 2097 0x0000000003a1d7d0 code [0x0000000003a1d920, 0x0000000003a1da90]
Event: 2.800 Thread 0x0000000018be3800 2098       2       org.eclipse.sisu.wire.EntryMapAdapter$EntrySet::iterator (10 bytes)
Event: 2.800 Thread 0x0000000018be3800 nmethod 2098 0x0000000003a1d450 code [0x0000000003a1d5c0, 0x0000000003a1d748]
Event: 2.801 Thread 0x0000000018be3800 2099       2       java.util.AbstractMap::get (96 bytes)
Event: 2.801 Thread 0x0000000018be3800 nmethod 2099 0x0000000003a1cad0 code [0x0000000003a1cce0, 0x0000000003a1d188]

GC Heap History (6 events):
Event: 1.157 GC heap before
{Heap before GC invocations=1 (full 0):
 PSYoungGen      total 33280K, used 28672K [0x00000000dae00000, 0x00000000dd300000, 0x0000000100000000)
  eden space 28672K, 100% used [0x00000000dae00000,0x00000000dca00000,0x00000000dca00000)
  from space 4608K, 0% used [0x00000000dce80000,0x00000000dce80000,0x00000000dd300000)
  to   space 4608K, 0% used [0x00000000dca00000,0x00000000dca00000,0x00000000dce80000)
 ParOldGen       total 76800K, used 0K [0x0000000090a00000, 0x0000000095500000, 0x00000000dae00000)
  object space 76800K, 0% used [0x0000000090a00000,0x0000000090a00000,0x0000000095500000)
 Metaspace       used 8678K, capacity 8840K, committed 9088K, reserved 1056768K
  class space    used 1024K, capacity 1052K, committed 1152K, reserved 1048576K
Event: 1.179 GC heap after
Heap after GC invocations=1 (full 0):
 PSYoungGen      total 33280K, used 4580K [0x00000000dae00000, 0x00000000def00000, 0x0000000100000000)
  eden space 28672K, 0% used [0x00000000dae00000,0x00000000dae00000,0x00000000dca00000)
  from space 4608K, 99% used [0x00000000dca00000,0x00000000dce790b8,0x00000000dce80000)
  to   space 4608K, 0% used [0x00000000dea80000,0x00000000dea80000,0x00000000def00000)
 ParOldGen       total 76800K, used 416K [0x0000000090a00000, 0x0000000095500000, 0x00000000dae00000)
  object space 76800K, 0% used [0x0000000090a00000,0x0000000090a68210,0x0000000095500000)
 Metaspace       used 8678K, capacity 8840K, committed 9088K, reserved 1056768K
  class space    used 1024K, capacity 1052K, committed 1152K, reserved 1048576K
}
Event: 1.517 GC heap before
{Heap before GC invocations=2 (full 0):
 PSYoungGen      total 33280K, used 33252K [0x00000000dae00000, 0x00000000def00000, 0x0000000100000000)
  eden space 28672K, 100% used [0x00000000dae00000,0x00000000dca00000,0x00000000dca00000)
  from space 4608K, 99% used [0x00000000dca00000,0x00000000dce790b8,0x00000000dce80000)
  to   space 4608K, 0% used [0x00000000dea80000,0x00000000dea80000,0x00000000def00000)
 ParOldGen       total 76800K, used 416K [0x0000000090a00000, 0x0000000095500000, 0x00000000dae00000)
  object space 76800K, 0% used [0x0000000090a00000,0x0000000090a68210,0x0000000095500000)
 Metaspace       used 10604K, capacity 10802K, committed 11136K, reserved 1058816K
  class space    used 1264K, capacity 1318K, committed 1408K, reserved 1048576K
Event: 1.523 GC heap after
Heap after GC invocations=2 (full 0):
 PSYoungGen      total 61952K, used 4580K [0x00000000dae00000, 0x00000000def00000, 0x0000000100000000)
  eden space 57344K, 0% used [0x00000000dae00000,0x00000000dae00000,0x00000000de600000)
  from space 4608K, 99% used [0x00000000dea80000,0x00000000deef9010,0x00000000def00000)
  to   space 4608K, 0% used [0x00000000de600000,0x00000000de600000,0x00000000dea80000)
 ParOldGen       total 76800K, used 970K [0x0000000090a00000, 0x0000000095500000, 0x00000000dae00000)
  object space 76800K, 1% used [0x0000000090a00000,0x0000000090af2ab0,0x0000000095500000)
 Metaspace       used 10604K, capacity 10802K, committed 11136K, reserved 1058816K
  class space    used 1264K, capacity 1318K, committed 1408K, reserved 1048576K
}
Event: 2.703 GC heap before
{Heap before GC invocations=3 (full 0):
 PSYoungGen      total 61952K, used 61924K [0x00000000dae00000, 0x00000000def00000, 0x0000000100000000)
  eden space 57344K, 100% used [0x00000000dae00000,0x00000000de600000,0x00000000de600000)
  from space 4608K, 99% used [0x00000000dea80000,0x00000000deef9010,0x00000000def00000)
  to   space 4608K, 0% used [0x00000000de600000,0x00000000de600000,0x00000000dea80000)
 ParOldGen       total 76800K, used 970K [0x0000000090a00000, 0x0000000095500000, 0x00000000dae00000)
  object space 76800K, 1% used [0x0000000090a00000,0x0000000090af2ab0,0x0000000095500000)
 Metaspace       used 15697K, capacity 16016K, committed 16384K, reserved 1062912K
  class space    used 1888K, capacity 1975K, committed 2048K, reserved 1048576K
Event: 2.717 GC heap after
Heap after GC invocations=3 (full 0):
 PSYoungGen      total 61952K, used 4600K [0x00000000dae00000, 0x00000000e2700000, 0x0000000100000000)
  eden space 57344K, 0% used [0x00000000dae00000,0x00000000dae00000,0x00000000de600000)
  from space 4608K, 99% used [0x00000000de600000,0x00000000dea7e070,0x00000000dea80000)
  to   space 4608K, 0% used [0x00000000e2280000,0x00000000e2280000,0x00000000e2700000)
 ParOldGen       total 76800K, used 6852K [0x0000000090a00000, 0x0000000095500000, 0x00000000dae00000)
  object space 76800K, 8% used [0x0000000090a00000,0x00000000910b1240,0x0000000095500000)
 Metaspace       used 15697K, capacity 16016K, committed 16384K, reserved 1062912K
  class space    used 1888K, capacity 1975K, committed 2048K, reserved 1048576K
}

Deoptimization events (10 events):
Event: 1.355 Thread 0x000000000107e000 Uncommon trap: reason=bimorphic action=maybe_recompile pc=0x0000000003686e50 method=java.util.HashMap.putVal(ILjava/lang/Object;Ljava/lang/Object;ZZ)Ljava/lang/Object; @ 203
Event: 1.436 Thread 0x000000000107e000 Uncommon trap: reason=bimorphic action=maybe_recompile pc=0x0000000003686e50 method=java.util.HashMap.putVal(ILjava/lang/Object;Ljava/lang/Object;ZZ)Ljava/lang/Object; @ 203
Event: 1.909 Thread 0x000000000107e000 Uncommon trap: reason=bimorphic action=maybe_recompile pc=0x0000000003686e50 method=java.util.HashMap.putVal(ILjava/lang/Object;Ljava/lang/Object;ZZ)Ljava/lang/Object; @ 203
Event: 1.910 Thread 0x000000000107e000 Uncommon trap: reason=bimorphic action=maybe_recompile pc=0x0000000003686e50 method=java.util.HashMap.putVal(ILjava/lang/Object;Ljava/lang/Object;ZZ)Ljava/lang/Object; @ 203
Event: 2.016 Thread 0x000000000107e000 Uncommon trap: reason=bimorphic action=maybe_recompile pc=0x000000000367ef50 method=java.util.HashMap.putVal(ILjava/lang/Object;Ljava/lang/Object;ZZ)Ljava/lang/Object; @ 203
Event: 2.139 Thread 0x000000000107e000 Uncommon trap: reason=null_check action=make_not_entrant pc=0x000000000352931c method=java.lang.String.equals(Ljava/lang/Object;)Z @ 8
Event: 2.357 Thread 0x000000000107e000 Uncommon trap: reason=unreached action=reinterpret pc=0x00000000035faedc method=java.lang.AbstractStringBuilder.append(Ljava/lang/String;)Ljava/lang/AbstractStringBuilder; @ 1
Event: 2.357 Thread 0x000000000107e000 Uncommon trap: reason=unreached action=reinterpret pc=0x000000000359e660 method=java.lang.AbstractStringBuilder.append(Ljava/lang/String;)Ljava/lang/AbstractStringBuilder; @ 1
Event: 2.464 Thread 0x000000000107e000 Uncommon trap: reason=unreached action=reinterpret pc=0x000000000392c2f0 method=java.lang.reflect.AccessibleObject.setAccessible0(Ljava/lang/reflect/AccessibleObject;Z)V @ 4
Event: 2.676 Thread 0x000000000107e000 Uncommon trap: reason=null_check action=make_not_entrant pc=0x00000000039ef09c method=org.apache.maven.model.io.xpp3.MavenXpp3Reader.checkFieldWithDuplicate(Lorg/codehaus/plexus/util/xml/pull/XmlPullParser;Ljava/lang/String;Ljava/lang/String;Ljava/util/Sett›Je@¨ı?

Internal exceptions (10 events):
Event: 2.654 Thread 0x000000000107e000 Exception <a 'java/security/PrivilegedActionException'> (0x00000000de212ad8) thrown at [C:\workspace\8-2-build-windows-amd64-cygwin\jdk8u31\2394\hotspot\src\share\vm\prims\jvm.cpp, line 1312]
Event: 2.655 Thread 0x000000000107e000 Exception <a 'java/security/PrivilegedActionException'> (0x00000000de2195e8) thrown at [C:\workspace\8-2-build-windows-amd64-cygwin\jdk8u31\2394\hotspot\src\share\vm\prims\jvm.cpp, line 1312]
Event: 2.655 Thread 0x000000000107e000 Exception <a 'java/security/PrivilegedActionException'> (0x00000000de21a070) thrown at [C:\workspace\8-2-build-windows-amd64-cygwin\jdk8u31\2394\hotspot\src\share\vm\prims\jvm.cpp, line 1312]
Event: 2.655 Thread 0x000000000107e000 Exception <a 'java/security/PrivilegedActionException'> (0x00000000de225708) thrown at [C:\workspace\8-2-build-windows-amd64-cygwin\jdk8u31\2394\hotspot\src\share\vm\prims\jvm.cpp, line 1312]
Event: 2.655 Thread 0x000000000107e000 Exception <a 'java/security/PrivilegedActionException'> (0x00000000de2262a8) thrown at [C:\workspace\8-2-build-windows-amd64-cygwin\jdk8u31\2394\hotspot\src\share\vm\prims\jvm.cpp, line 1312]
Event: 2.657 Thread 0x000000000107e000 Exception <a 'java/security/PrivilegedActionException'> (0x00000000de23e360) thrown at [C:\workspace\8-2-build-windows-amd64-cygwin\jdk8u31\2394\hotspot\src\share\vm\prims\jvm.cpp, line 1312]
Event: 2.657 Thread 0x000000000107e000 Exception <a 'java/security/PrivilegedActionException'> (0x00000000de23eee8) thrown at [C:\workspace\8-2-build-windows-amd64-cygwin\jdk8u31\2394\hotspot\src\share\vm\prims\jvm.cpp, line 1312]
Event: 2.658 Thread 0x000000000107e000 Exception <a 'java/security/PrivilegedActionException'> (0x00000000de2481e0) thrown at [C:\workspace\8-2-build-windows-amd64-cygwin\jdk8u31\2394\hotspot\src\share\vm\prims\jvm.cpp, line 1312]
Event: 2.658 Thread 0x000000000107e000 Exception <a 'java/security/PrivilegedActionException'> (0x00000000de248c68) thrown at [C:\workspace\8-2-build-windows-amd64-cygwin\jdk8u31\2394\hotspot\src\share\vm\prims\jvm.cpp, line 1312]
Event: 2.676 Thread 0x000000000107e000 Implicit null exception at 0x00000000039eed05 to 0x00000000039ef089

Events (10 events):
Event: 2.770 loading class sun/nio/ch/SharedFileLockTable
Event: 2.770 loading class sun/nio/ch/SharedFileLockTable done
Event: 2.770 loading class sun/nio/ch/FileKey
Event: 2.770 loading class sun/nio/ch/FileKey done
Event: 2.770 loading class sun/nio/ch/SharedFileLockTable$FileLockReference
Event: 2.771 loading class sun/nio/ch/SharedFileLockTable$FileLockReference done
Event: 2.771 loading class java/nio/channels/spi/AbstractInterruptibleChannel$1
Event: 2.771 loading class sun/nio/ch/Interruptible
Event: 2.771 loading class sun/nio/ch/Interruptible done
Event: 2.771 loading class java/nio/channels/spi/AbstractInterruptibleChannel$1 done


Dynamic libraries:
0x00007ff701b50000 - 0x00007ff701b84000 	C:\Program Files\Java\jdk1.8.0_31\bin\java.exe
0x00007ffeb04d0000 - 0x00007ffeb06c4000 	C:\Windows\SYSTEM32\ntdll.dll
0x00007ffeaef00000 - 0x00007ffeaefbd000 	C:\Windows\System32\KERNEL32.DLL
0x00007ffeadf90000 - 0x00007ffeae257000 	C:\Windows\System32\KERNELBASE.dll
0x00007ffeb0070000 - 0x00007ffeb011a000 	C:\Windows\System32\ADVAPI32.dll
0x00007ffeaeb20000 - 0x00007ffeaebbe000 	C:\Windows\System32\msvcrt.dll
0x00007ffeaecf0000 - 0x00007ffeaed8b000 	C:\Windows\System32\sechost.dll
0x00007ffeb0120000 - 0x00007ffeb0243000 	C:\Windows\System32\RPCRT4.dll
0x00007ffeaf5f0000 - 0x00007ffeaf790000 	C:\Windows\System32\USER32.dll
0x00007ffeae500000 - 0x00007ffeae522000 	C:\Windows\System32\win32u.dll
0x00007ffeaefc0000 - 0x00007ffeaefea000 	C:\Windows\System32\GDI32.dll
0x00007ffeadd00000 - 0x00007ffeade0a000 	C:\Windows\System32\gdi32full.dll
0x00007ffeadc60000 - 0x00007ffeadcfd000 	C:\Windows\System32\msvcp_win.dll
0x00007ffeade10000 - 0x00007ffeadf10000 	C:\Windows\System32\ucrtbase.dll
0x00007ffe9c6b0000 - 0x00007ffe9c94a000 	C:\Windows\WinSxS\amd64_microsoft.windows.common-controls_6595b64144ccf1df_6.0.19041.1_none_b555e41d4684ddec\COMCTL32.dll
0x00007ffeaf480000 - 0x00007ffeaf4b0000 	C:\Windows\System32\IMM32.DLL
0x000000006ce60000 - 0x000000006cf32000 	C:\Program Files\Java\jdk1.8.0_31\jre\bin\msvcr100.dll
0x000000006c600000 - 0x000000006ce5a000 	C:\Program Files\Java\jdk1.8.0_31\jre\bin\server\jvm.dll
0x00007ffeaf870000 - 0x00007ffeaf878000 	C:\Windows\System32\PSAPI.DLL
0x00007ffea93c0000 - 0x00007ffea93c9000 	C:\Windows\SYSTEM32\WSOCK32.dll
0x00007ffeb0250000 - 0x00007ffeb02bb000 	C:\Windows\System32\WS2_32.dll
0x00007ffea4c20000 - 0x00007ffea4c47000 	C:\Windows\SYSTEM32\WINMM.dll
0x000000006cf70000 - 0x000000006cf7f000 	C:\Program Files\Java\jdk1.8.0_31\jre\bin\verify.dll
0x000000006c5d0000 - 0x000000006c5f8000 	C:\Program Files\Java\jdk1.8.0_31\jre\bin\java.dll
0x000000006c540000 - 0x000000006c563000 	C:\Program Files\Java\jdk1.8.0_31\jre\bin\instrument.dll
0x000000006c5b0000 - 0x000000006c5c6000 	C:\Program Files\Java\jdk1.8.0_31\jre\bin\zip.dll
0x00007ffeaf880000 - 0x00007ffeaffb1000 	C:\Windows\System32\SHELL32.dll
0x00007ffeab8a0000 - 0x00007ffeac02a000 	C:\Windows\SYSTEM32\windows.storage.dll
0x00007ffeae700000 - 0x00007ffeaea54000 	C:\Windows\System32\combase.dll
0x00007ffead540000 - 0x00007ffead56b000 	C:\Windows\SYSTEM32\Wldp.dll
0x00007ffeae650000 - 0x00007ffeae6fe000 	C:\Windows\System32\SHCORE.dll
0x00007ffeaea60000 - 0x00007ffeaeab5000 	C:\Windows\System32\shlwapi.dll
0x00007ffeadb50000 - 0x00007ffeadb6f000 	C:\Windows\SYSTEM32\profapi.dll
0x00007ffeaa920000 - 0x00007ffeaa93a000 	C:\Program Files\JetBrains\IntelliJ IDEA 2020.2.3\bin\breakgen64.dll
0x000000006c520000 - 0x000000006c53a000 	C:\Program Files\Java\jdk1.8.0_31\jre\bin\net.dll
0x00007ffead2c0000 - 0x00007ffead32a000 	C:\Windows\system32\mswsock.dll
0x00007ffead490000 - 0x00007ffead4a8000 	C:\Windows\SYSTEM32\CRYPTSP.dll
0x00007ffeacc50000 - 0x00007ffeacc84000 	C:\Windows\system32\rsaenh.dll
0x00007ffeae470000 - 0x00007ffeae497000 	C:\Windows\System32\bcrypt.dll
0x00007ffeadad0000 - 0x00007ffeadafe000 	C:\Windows\SYSTEM32\USERENV.dll
0x00007ffeadf10000 - 0x00007ffeadf8f000 	C:\Windows\System32\bcryptprimitives.dll
0x00007ffead4b0000 - 0x00007ffead4bc000 	C:\Windows\SYSTEM32\CRYPTBASE.dll
0x00007ffeacfb0000 - 0x00007ffeacfeb000 	C:\Windows\SYSTEM32\IPHLPAPI.DLL
0x00007ffeaeff0000 - 0x00007ffeaeff9000 	C:\Windows\System32\NSI.dll
0x00007ffea3e80000 - 0x00007ffea3e97000 	C:\Windows\SYSTEM32\dhcpcsvc6.DLL
0x00007ffea1500000 - 0x00007ffea151d000 	C:\Windows\SYSTEM32\dhcpcsvc.DLL
0x00007ffeacff0000 - 0x00007ffead0ba000 	C:\Windows\SYSTEM32\DNSAPI.dll
0x000000006c500000 - 0x000000006c511000 	C:\Program Files\Java\jdk1.8.0_31\jre\bin\nio.dll
0x00007ffeaa8e0000 - 0x00007ffeaa8ea000 	C:\Users\Administrator\AppData\Local\Temp\jansi-1.17.1-719455410985145283.dll
0x00007ffea92a0000 - 0x00007ffea92aa000 	C:\Users\Administrator\AppData\Local\Temp\jansi-1.17.1-3052868237938206312.dll
0x00007ffeac160000 - 0x00007ffeac344000 	C:\Windows\SYSTEM32\dbghelp.dll

VM Arguments:
jvm_args: -Dmaven.multiModuleProjectDirectory=D:\develop\git\anyline\anyline-core -Dfile.encoding=GBK -Dmaven.home=D:\develop\apache-maven-3.6.0 -Dclassworlds.conf=D:\develop\apache-maven-3.6.0\bin\m2.conf -Dmaven.ext.class.path=C:\Program Files\JetBrains\IntelliJ IDEA 2020.2.3\plugins\maven\lib\maven-event-listener.jar -javaagent:C:\Program Files\JetBrains\IntelliJ IDEA 2020.2.3\lib\idea_rt.jar=52274:C:\Program Files\JetBrains\IntelliJ IDEA 2020.2.3\bin 
java_command: org.codehaus.classworlds.Launcher -Didea.version=2020.2.3 -s D:\develop\apache-maven-3.6.0\conf\settings.xml -DskipTests=true deploy -P anyline,!jdk-1.8,!jdk-1.7,!central
java_class_path (initial): D:\develop\apache-maven-3.6.0\boot\plexus-classworlds-2.5.2.jar;C:\Program Files\JetBrains\IntelliJ IDEA 2020.2.3\lib\idea_rt.jar
Launcher Type: SUN_STANDARD

Environment Variables:
JAVA_HOME=C:\Program Files\Java\jdk1.8.0_31
CLASSPATH=.;C:\Program Files\Java\jdk1.8.0_31\bin;%JAVE_HOME%\lib\dt.jar;C:\Program Files\Java\jdk1.8.0_31\lib\tools.jar
PATH=C:\ProgramData\Oracle\Java\javapath;C:\Windows\system32;C:\Windows;C:\Windows\System32\Wbem;C:\Windows\System32\WindowsPowerShell\v1.0\;C:\Windows\System32\OpenSSH\;C:\Program Files\Java\jdk1.8.0_31\bin;C:\Program Files\Java\jdk1.8.0_31\jre\bin;D:\develop\apache-maven-3.6.0\bin;C:\Program Files\Git\cmd;C:\Users\Administrator\AppData\Local\Microsoft\WindowsApps;
USERNAME=Administrator
OS=Windows_NT
PROCESSOR_IDENTIFIER=AMD64 Family 23 Model 17 Stepping 0, AuthenticAMD



---------------  S Y S T E M  ---------------

OS: Windows 8.1 , 64 bit Build 9600 

CPU:total 4 (4 cores per cpu, 1 threads per core) family 23 model 17 stepping 0, cmov, cx8, fxsr, mmx, sse, sse2, sse3, ssse3, sse4.1, sse4.2, popcnt, avx, avx2, aes, clmul, mmxext, 3dnowpref, lzcnt, sse4a, tsc, tscinvbit, tscinv, bmi1

Memory: 4k page, physical 7294788k(632852k free), swap 20475712k(2780k free)

vm_info: Java HotSpot(TM) 64-Bit Server VM (25.31-b07) for windows-amd64 JRE (1.8.0_31-b13), built on Dec 17 2014 21:00:28 by "java_re" with MS VC++ 10.0 (VS2010)

time: Tue Nov 10 10:53:59 2020
elapsed time: 2 seconds (0d 0h 0m 2s)

