JvmtiExport can_access_local_variables 0
JvmtiExport can_hotswap_or_post_breakpoint 0
JvmtiExport can_post_on_exceptions 0
# 451 ciObject found
ciMethod java/lang/Object <init> ()V 4097 1 181836 0 0
ciMethod java/lang/Object hashCode ()I 2049 1 256 0 -1
ciMethod java/lang/Object equals (Ljava/lang/Object;)Z 2049 1 3229 0 -1
ciMethod java/lang/String <init> ([CII)V 4097 1 5897 0 576
ciMethod java/lang/String <init> ([BIILjava/lang/String;)V 2049 1 702 0 -1
ciMethod java/lang/String <init> ([CZ)V 1905 1 8398 0 0
ciMethod java/lang/String length ()I 4097 1 79629 0 64
ciMethod java/lang/String charAt (I)C 4097 1 236835 0 -1
ciMethod java/lang/String codePointAt (I)I 0 0 167 0 -1
ciMethod java/lang/String getChars ([CI)V 2057 1 5389 0 0
ciMethod java/lang/String equals (Ljava/lang/Object;)Z 4097 15561 4654 0 -1
ciMethod java/lang/String equalsIgnoreCase (Ljava/lang/String;)Z 2049 1 5391 0 1088
ciMethod java/lang/String regionMatches (ZILjava/lang/String;II)Z 1777 5553 5352 0 2112
ciMethod java/lang/String startsWith (Ljava/lang/String;I)Z 2249 2409 5439 0 224
ciMethod java/lang/String endsWith (Ljava/lang/String;)Z 2049 1 15854 0 224
ciMethod java/lang/String hashCode ()I 2801 32769 1302 0 320
ciMethod java/lang/String lastIndexOf (I)I 2049 1 10663 0 0
ciMethod java/lang/String lastIndexOf (II)I 889 32769 1004 0 288
ciMethod java/lang/String lastIndexOfSupplementary (II)I 0 0 1 0 -1
ciMethod java/lang/String substring (II)Ljava/lang/String; 2049 1 5402 0 800
ciMethod java/lang/String concat (Ljava/lang/String;)Ljava/lang/String; 2057 1 5377 0 864
ciMethod java/lang/String replace (CC)Ljava/lang/String; 865 40961 914 0 1088
ciMethod java/lang/String toUpperCase (Ljava/util/Locale;)Ljava/lang/String; 865 24577 729 0 -1
ciMethod java/lang/String toCharArray ()[C 3073 1 8382 0 0
ciMethod java/lang/ClassLoader definePackage (Ljava/lang/String;Ljava/lang/String;Ljava/lang/String;Ljava/lang/String;Ljava/lang/String;Ljava/lang/String;Ljava/lang/String;Ljava/net/URL;)Ljava/lang/Package; 449 1 215 0 0
ciMethod java/lang/ClassLoader getPackage (Ljava/lang/String;)Ljava/lang/Package; 2049 1 2681 0 0
ciMethod java/lang/System nanoTime ()J 2049 1 256 0 -1
ciMethod java/lang/System arraycopy (Ljava/lang/Object;ILjava/lang/Object;II)V 24577 1 3072 0 -1
ciMethod java/lang/Throwable addSuppressed (Ljava/lang/Throwable;)V 0 0 1 0 -1
ciMethod java/lang/ClassNotFoundException <init> (Ljava/lang/String;)V 2049 1 5376 0 -1
ciMethod java/lang/ClassNotFoundException <init> (Ljava/lang/String;Ljava/lang/Throwable;)V 0 0 1 0 -1
ciMethod java/lang/ref/Reference get ()Ljava/lang/Object; 2049 1 256 0 -1
ciMethod java/lang/ref/Reference <init> (Ljava/lang/Object;)V 1065 1 1801 0 0
ciMethod java/lang/ref/Reference <init> (Ljava/lang/Object;Ljava/lang/ref/ReferenceQueue;)V 2057 1 7941 0 96
ciMethod java/lang/ref/SoftReference <init> (Ljava/lang/Object;)V 985 1 553 0 0
ciMethod java/lang/ref/SoftReference get ()Ljava/lang/Object; 2049 1 7852 0 0
ciMethod java/util/Map get (Ljava/lang/Object;)Ljava/lang/Object; 0 0 1 0 -1
ciMethod java/util/Map put (Ljava/lang/Object;Ljava/lang/Object;)Ljava/lang/Object; 0 0 1 0 -1
ciMethod java/util/Hashtable <init> (IF)V 1289 1 161 0 0
ciMethod java/util/Hashtable <init> (I)V 345 1 43 0 0
ciMethod java/util/Hashtable <init> ()V 945 1 118 0 0
ciMethod java/util/Dictionary <init> ()V 1289 1 161 0 0
ciMethod java/nio/Buffer position ()I 1041 1 130 0 0
ciMethod java/nio/Buffer position (I)Ljava/nio/Buffer; 1113 1 5912 0 -1
ciMethod java/nio/Buffer remaining ()I 313 1 156 0 -1
ciMethod java/nio/Buffer hasRemaining ()Z 593 1 186 0 -1
ciMethod java/lang/Character isSurrogate (C)Z 0 0 206 0 -1
ciMethod java/lang/Character charCount (I)I 25 1 3332 0 -1
ciMethod java/lang/Character toChars (I[CI)I 0 0 1 0 -1
ciMethod java/lang/Character toChars (I)[C 0 0 1 0 -1
ciMethod java/lang/Character toLowerCase (C)C 2065 1 8359 0 -1
ciMethod java/lang/Character toUpperCase (C)C 1025 1 6705 0 -1
ciMethod java/lang/Character toUpperCaseEx (I)I 2297 1 20098 0 -1
ciMethod java/lang/Character toUpperCaseCharArray (I)[C 0 0 1 0 -1
ciMethod java/lang/Float isNaN (F)Z 2049 1 846 0 0
ciMethod java/lang/Float floatToRawIntBits (F)I 9 1 1 0 -1
ciMethod java/util/Comparator compare (Ljava/lang/Object;Ljava/lang/Object;)I 0 0 1 0 -1
ciMethod java/util/AbstractList <init> ()V 1689 1 15782 0 0
ciMethod java/util/AbstractCollection <init> ()V 393 1 18863 0 32
ciMethod java/lang/Math max (II)I 1065 1 6818 0 -1
ciMethod java/lang/Math min (II)I 4097 1 51677 0 -1
ciMethod java/lang/Math min (FF)F 1577 1 197 0 0
ciMethod java/nio/charset/Charset newEncoder ()Ljava/nio/charset/CharsetEncoder; 0 0 1 0 -1
ciMethod java/util/AbstractMap <init> ()V 545 1 4012 0 0
ciMethod java/util/ArrayList <init> ()V 1209 1 2689 0 0
ciMethod java/util/HashMap hash (Ljava/lang/Object;)I 4097 1 20502 0 160
ciMethod java/util/HashMap tableSizeFor (I)I 2049 1 1206 0 -1
ciMethod java/util/HashMap <init> (IF)V 889 1 599 0 0
ciMethod java/util/HashMap <init> (I)V 777 1 225 0 0
ciMethod java/util/HashMap <init> ()V 217 1 3003 0 0
ciMethod java/util/HashMap get (Ljava/lang/Object;)Ljava/lang/Object; 2097 1 5390 0 544
ciMethod java/util/HashMap getNode (ILjava/lang/Object;)Ljava/util/HashMap$Node; 2041 33 5715 0 512
ciMethod java/util/HashMap put (Ljava/lang/Object;Ljava/lang/Object;)Ljava/lang/Object; 2937 1 6557 0 -1
ciMethod java/util/Arrays copyOf ([BI)[B 2049 1 9637 0 448
ciMethod java/util/Arrays copyOf ([CI)[C 2049 1 10172 0 0
ciMethod java/util/Arrays copyOfRange ([CII)[C 4097 1 5656 0 480
ciMethod sun/misc/ASCIICaseInsensitiveComparator compare (Ljava/lang/String;Ljava/lang/String;)I 4097 6513 12800 0 -1
ciMethod sun/misc/ASCIICaseInsensitiveComparator lowerCaseHashCode (Ljava/lang/String;)I 1017 16385 619 0 0
ciMethod sun/misc/ASCIICaseInsensitiveComparator toLower (I)I 4097 1 35415 0 -1
ciMethod sun/misc/ASCIICaseInsensitiveComparator compare (Ljava/lang/Object;Ljava/lang/Object;)I 4097 1 13496 0 864
ciMethodData java/lang/String length ()I 2 79629 orig 264 104 158 187 108 0 0 0 0 232 59 54 22 0 0 0 0 32 1 0 0 0 0 0 0 0 0 0 0 0 0 0 0 0 0 0 0 0 0 0 0 0 0 0 0 0 0 0 0 0 0 0 0 0 0 0 0 0 0 0 0 0 0 0 0 0 0 0 0 0 0 0 0 0 0 0 0 0 0 0 0 77 68 79 32 101 120 116 114 97 32 100 97 116 97 32 108 111 99 107 0 0 0 0 0 0 0 0 0 0 0 0 0 0 0 0 0 0 0 0 0 0 0 0 0 0 0 0 0 0 0 0 0 0 0 0 0 0 0 0 0 0 0 0 0 0 0 0 0 0 0 0 0 0 0 0 0 0 0 0 0 0 0 0 0 0 0 0 0 0 0 0 0 0 0 0 0 0 0 0 0 0 0 0 0 1 0 0 0 0 0 0 0 0 0 0 0 0 0 0 0 1 0 0 0 0 0 0 0 0 0 0 0 0 0 0 0 0 2 0 0 105 168 9 0 1 0 0 0 0 0 0 0 0 0 0 0 2 0 0 0 0 0 0 0 4 0 1 0 0 0 0 0 255 255 255 255 0 0 0 0 0 0 0 0 data 0 oops 0
ciMethodData java/lang/Object <init> ()V 2 181836 orig 264 104 158 187 108 0 0 0 0 136 4 54 22 0 0 0 0 32 1 0 0 0 0 0 0 0 0 0 0 0 0 0 0 0 0 0 0 0 0 0 0 0 0 0 0 0 0 0 0 0 0 0 0 0 0 0 0 0 0 0 0 0 0 0 0 0 0 0 0 0 0 0 0 0 0 0 0 0 0 0 0 77 68 79 32 101 120 116 114 97 32 100 97 116 97 32 108 111 99 107 0 0 0 0 0 0 0 0 0 0 0 0 0 0 0 0 0 0 0 0 0 0 0 0 0 0 0 0 0 0 0 0 0 0 0 0 0 0 0 0 0 0 0 0 0 0 0 0 0 0 0 0 0 0 0 0 0 0 0 0 0 0 0 0 0 0 0 0 0 0 0 0 0 0 0 0 0 0 0 0 0 0 0 0 0 1 0 0 0 0 0 0 0 1 0 0 0 0 0 0 0 1 0 0 0 0 0 0 0 0 0 0 0 0 0 0 0 0 2 0 0 97 34 22 0 1 0 0 0 0 0 0 0 0 0 0 0 2 0 0 0 0 0 3 0 3 0 0 0 0 0 0 0 255 255 255 255 0 0 0 0 0 0 0 0 data 0 oops 0
ciMethod java/io/InputStream <init> ()V 2049 1 3836 0 0
ciMethod java/io/InputStream close ()V 0 0 1 0 -1
ciMethod java/io/OutputStream <init> ()V 2073 1 456 0 0
ciMethod sun/nio/cs/ArrayEncoder encode ([CII[B)I 0 0 1 0 -1
ciMethod java/nio/charset/CharsetEncoder malformedInputAction ()Ljava/nio/charset/CodingErrorAction; 0 0 1 0 -1
ciMethod java/nio/charset/CharsetEncoder onMalformedInput (Ljava/nio/charset/CodingErrorAction;)Ljava/nio/charset/CharsetEncoder; 257 1 91 0 0
ciMethod java/nio/charset/CharsetEncoder implOnMalformedInput (Ljava/nio/charset/CodingErrorAction;)V 257 1 91 0 -1
ciMethod java/nio/charset/CharsetEncoder onUnmappableCharacter (Ljava/nio/charset/CodingErrorAction;)Ljava/nio/charset/CharsetEncoder; 257 1 91 0 0
ciMethod java/nio/charset/CharsetEncoder implOnUnmappableCharacter (Ljava/nio/charset/CodingErrorAction;)V 257 1 91 0 -1
ciMethod java/nio/charset/CharsetEncoder maxBytesPerChar ()F 2049 1 6260 0 0
ciMethod java/nio/charset/CharsetEncoder encode (Ljava/nio/CharBuffer;Ljava/nio/ByteBuffer;Z)Ljava/nio/charset/CoderResult; 0 0 2 0 0
ciMethod java/nio/charset/CharsetEncoder flush (Ljava/nio/ByteBuffer;)Ljava/nio/charset/CoderResult; 0 0 1 0 0
ciMethod java/nio/charset/CharsetEncoder implFlush (Ljava/nio/ByteBuffer;)Ljava/nio/charset/CoderResult; 0 0 1 0 -1
ciMethod java/nio/charset/CharsetEncoder reset ()Ljava/nio/charset/CharsetEncoder; 2049 1 5883 0 0
ciMethod java/nio/charset/CharsetEncoder implReset ()V 2049 1 5883 0 0
ciMethod java/nio/charset/CharsetEncoder encodeLoop (Ljava/nio/CharBuffer;Ljava/nio/ByteBuffer;)Ljava/nio/charset/CoderResult; 0 0 1 0 -1
ciMethod java/nio/charset/CharsetEncoder throwIllegalStateException (II)V 0 0 1 0 -1
ciMethod java/nio/ByteBuffer wrap ([BII)Ljava/nio/ByteBuffer; 33 1 1024 0 -1
ciMethod java/nio/ByteBuffer wrap ([B)Ljava/nio/ByteBuffer; 33 1 1024 0 0
ciMethod java/nio/ByteBuffer put ([B)Ljava/nio/ByteBuffer; 0 0 1 0 -1
ciMethod java/nio/CharBuffer wrap ([CII)Ljava/nio/CharBuffer; 41 1 7458 0 -1
ciMethod java/nio/CharBuffer wrap ([C)Ljava/nio/CharBuffer; 0 0 1 0 0
ciMethod java/nio/charset/CoderResult isUnderflow ()Z 529 1 7625 0 0
ciMethod java/nio/charset/CoderResult isOverflow ()Z 4097 1 14951 0 -1
ciMethod java/nio/charset/CoderResult isMalformed ()Z 0 0 1 0 -1
ciMethod java/nio/charset/CoderResult isUnmappable ()Z 0 0 1 0 -1
ciMethod java/nio/charset/CoderResult length ()I 0 0 1 0 -1
ciMethod java/nio/charset/CoderResult malformedForLength (I)Ljava/nio/charset/CoderResult; 0 0 1 0 -1
ciMethod java/net/URLClassLoader getAndVerifyPackage (Ljava/lang/String;Ljava/util/jar/Manifest;Ljava/net/URL;)Ljava/lang/Package; 2073 1 1628 0 0
ciMethod java/net/URLClassLoader defineClass (Ljava/lang/String;Lsun/misc/Resource;)Ljava/lang/Class; 1049 1 1628 0 0
ciMethod java/net/URLClassLoader definePackage (Ljava/lang/String;Ljava/util/jar/Manifest;Ljava/net/URL;)Ljava/lang/Package; 441 1 214 0 0
ciMethod java/net/URLClassLoader isSealed (Ljava/lang/String;Ljava/util/jar/Manifest;)Z 2049 1 1408 0 0
ciMethod java/net/URLClassLoader access$000 (Ljava/net/URLClassLoader;)Lsun/misc/URLClassPath; 1025 1 128 0 0
ciMethod java/net/URLClassLoader access$100 (Ljava/net/URLClassLoader;Ljava/lang/String;Lsun/misc/Resource;)Ljava/lang/Class; 1049 1 1627 0 0
ciMethod java/security/SecureClassLoader defineClass (Ljava/lang/String;[BIILjava/security/CodeSource;)Ljava/lang/Class; 2073 1 1628 0 -1
ciMethod java/security/SecureClassLoader defineClass (Ljava/lang/String;Ljava/nio/ByteBuffer;Ljava/security/CodeSource;)Ljava/lang/Class; 0 0 1 0 -1
ciMethod java/util/Locale getLanguage ()Ljava/lang/String; 289 1 755 0 -1
ciMethod java/util/HashMap$TreeNode getTreeNode (ILjava/lang/Object;)Ljava/util/HashMap$TreeNode; 0 0 1 0 -1
ciMethodData java/lang/String hashCode ()I 2 20529 orig 264 104 158 187 108 0 0 0 0 128 79 54 22 0 0 0 0 152 1 0 0 32 0 0 0 0 0 0 0 0 0 0 0 0 0 0 0 0 0 0 0 0 0 0 0 0 0 0 0 0 0 0 0 0 0 0 0 0 0 0 0 0 0 0 0 0 0 0 0 0 0 0 0 0 0 0 0 0 0 0 0 77 68 79 32 101 120 116 114 97 32 100 97 116 97 32 108 111 99 107 0 0 0 0 0 0 0 0 0 0 0 0 0 0 0 0 0 0 0 0 0 0 0 0 0 0 0 0 0 0 0 0 0 0 0 0 0 0 0 0 0 0 0 0 0 0 0 0 0 0 0 0 0 0 0 0 0 0 0 0 0 0 0 0 0 0 0 0 0 0 0 0 0 0 0 0 0 0 0 0 0 0 0 0 0 0 0 0 0 0 0 0 0 0 0 0 0 0 0 0 0 0 0 0 0 0 0 0 0 0 0 0 0 0 0 0 0 0 16 0 0 193 29 0 0 137 1 2 0 0 0 0 0 0 0 0 0 2 0 0 0 1 0 11 0 4 0 1 0 120 0 0 0 255 255 255 255 7 0 6 0 0 0 0 0 data 15 0x60007 0x13e 0x78 0x27a 0xe0007 0x4 0x58 0x276 0x1e0007 0x276 0x38 0x402e 0x2d0003 0x402e 0xffffffffffffffe0 oops 0
ciMethod java/security/CodeSource <init> (Ljava/net/URL;[Ljava/security/CodeSigner;)V 2073 1 1628 0 -1
ciMethod sun/misc/URLClassPath getResource (Ljava/lang/String;Z)Lsun/misc/Resource; 1825 16489 2289 0 3744
ciMethod sun/misc/URLClassPath getLoader (I)Lsun/misc/URLClassPath$Loader; 2065 113 6336 0 -1
ciMethod java/net/URLClassLoader$1 run ()Ljava/lang/Class; 3073 1 5504 255 0
ciMethod java/net/URLClassLoader$1 run ()Ljava/lang/Object; 3073 1 5504 254 -1
ciMethod sun/misc/URLClassPath$JarLoader access$400 (Lsun/misc/URLClassPath$JarLoader;)Ljava/net/URL; 1025 1 128 0 0
ciMethod sun/misc/URLClassPath$JarLoader access$500 (Lsun/misc/URLClassPath$JarLoader;)Ljava/util/jar/JarFile; 1025 1 128 0 0
ciMethod sun/misc/URLClassPath$Loader getResource (Ljava/lang/String;Z)Lsun/misc/Resource; 0 0 1 0 -1
ciMethod java/util/zip/ZipFile getEntry (J[BZ)J 2049 1 256 0 -1
ciMethod java/util/zip/ZipFile getInputStream (Ljava/util/zip/ZipEntry;)Ljava/io/InputStream; 2065 1 1830 0 0
ciMethod java/util/zip/ZipFile getInflater ()Ljava/util/zip/Inflater; 1969 1 1818 0 0
ciMethod java/util/zip/ZipFile ensureOpen ()V 2049 1 5377 0 96
ciMethod java/util/zip/ZipFile getEntryCSize (J)J 2049 1 256 0 -1
ciMethod java/util/zip/ZipFile getEntrySize (J)J 2049 1 256 0 -1
ciMethod java/util/zip/ZipFile getEntryMethod (J)I 2049 1 256 0 -1
ciMethod java/util/zip/ZipFile access$1100 (J)J 3073 1 1830 0 0
ciMethod java/util/zip/ZipFile access$1200 (J)J 3073 1 1830 0 0
ciMethod sun/nio/cs/UTF_8 newEncoder ()Ljava/nio/charset/CharsetEncoder; 641 1 80 0 0
ciMethod java/util/jar/JarFile getManifest ()Ljava/util/jar/Manifest; 3073 1 1628 0 0
ciMethod java/util/jar/JarFile getManifestFromReference ()Ljava/util/jar/Manifest; 2049 1 1669 0 0
ciMethod java/util/jar/JarFile getMetaInfEntryNames ()[Ljava/lang/String; 609 1 76 0 -1
ciMethod java/util/jar/JarFile getJarEntry (Ljava/lang/String;)Ljava/util/jar/JarEntry; 233 1 3982 0 -1
ciMethod java/util/jar/JarFile maybeInstantiateVerifier ()V 2049 657 3327 0 0
ciMethod java/util/jar/JarFile initializeVerifier ()V 145 1497 41 0 -1
ciMethod java/util/jar/JarFile getBytes (Ljava/util/zip/ZipEntry;)[B 657 1 131 0 0
ciMethod java/util/jar/JarFile getInputStream (Ljava/util/zip/ZipEntry;)Ljava/io/InputStream; 2081 1 1699 0 0
ciMethod java/util/jar/JarFile getManEntry ()Ljava/util/jar/JarEntry; 537 1 97 0 0
ciMethod java/util/Deque poll ()Ljava/lang/Object; 0 0 1 0 -1
ciMethod java/util/ArrayDeque pollFirst ()Ljava/lang/Object; 2049 1 1854 0 0
ciMethod java/util/ArrayDeque poll ()Ljava/lang/Object; 2049 1 1854 0 0
ciMethod java/util/zip/ZipCoder getBytes (Ljava/lang/String;)[B 2049 1 5883 0 0
ciMethod java/util/zip/ZipCoder getBytesUTF8 (Ljava/lang/String;)[B 0 0 1 0 0
ciMethod java/util/zip/ZipCoder isUTF8 ()Z 1025 1 128 0 0
ciMethod java/util/zip/ZipCoder <init> (Ljava/nio/charset/Charset;)V 641 1 80 0 -1
ciMethod java/util/zip/ZipCoder encoder ()Ljava/nio/charset/CharsetEncoder; 2049 1 5883 0 0
ciMethod sun/misc/PerfCounter addElapsedTimeFrom (J)V 809 1 1755 0 -1
ciMethod sun/misc/PerfCounter getReadClassBytesTime ()Lsun/misc/PerfCounter; 2073 1 1628 0 -1
ciMethod sun/nio/cs/UTF_8$Encoder encode ([CII[B)I 889 32849 907 0 -1
ciMethod sun/nio/cs/UTF_8$Encoder <init> (Ljava/nio/charset/Charset;Lsun/nio/cs/UTF_8$1;)V 641 1 80 0 -1
ciMethod java/util/zip/ZipEntry getSize ()J 2073 1 1759 0 -1
ciMethodData java/util/Arrays copyOfRange ([CII)[C 2 5656 orig 264 104 158 187 108 0 0 0 0 80 255 69 22 0 0 0 0 120 2 0 0 240 0 0 0 0 0 0 0 0 0 0 0 0 0 0 0 0 0 0 0 0 0 0 0 0 0 0 0 0 0 0 0 0 0 0 0 0 0 0 0 0 0 0 0 0 0 0 0 0 0 0 0 0 0 0 0 0 0 0 0 77 68 79 32 101 120 116 114 97 32 100 97 116 97 32 108 111 99 107 0 0 0 0 0 0 0 0 0 0 0 0 0 0 0 0 0 0 0 0 0 0 0 0 0 0 0 0 0 0 0 0 0 0 0 0 0 0 0 0 0 0 0 0 0 0 0 0 0 0 0 0 0 0 0 0 0 0 0 0 0 0 0 0 0 0 0 0 0 0 0 0 0 0 0 0 0 0 0 0 0 0 0 0 0 29 0 0 0 0 0 0 0 0 0 0 0 0 0 0 0 0 0 0 0 0 0 0 0 0 0 0 0 0 0 0 0 0 2 0 0 193 160 0 0 1 0 0 0 0 0 0 0 0 0 0 0 2 0 0 0 0 0 9 0 4 0 1 0 32 1 0 0 255 255 255 255 7 0 5 0 0 0 0 0 data 36 0x50007 0x1418 0x100 0x0 0x100002 0x0 0x140005 0x0 0x0 0x0 0x0 0x0 0x190005 0x0 0x0 0x0 0x0 0x0 0x1d0005 0x0 0x0 0x0 0x0 0x0 0x200005 0x0 0x0 0x0 0x0 0x0 0x230002 0x0 0x360002 0x1418 0x390002 0x1418 oops 0
ciMethodData java/lang/String <init> ([CII)V 2 5897 orig 264 104 158 187 108 0 0 0 0 64 49 54 22 0 0 0 0 16 2 0 0 144 0 0 0 0 0 0 0 0 0 0 0 0 0 0 0 0 0 0 0 0 0 0 0 0 0 0 0 0 0 0 0 0 0 0 0 0 0 0 0 0 0 0 0 0 0 0 0 0 0 0 0 0 0 0 0 0 0 0 0 77 68 79 32 101 120 116 114 97 32 100 97 116 97 32 108 111 99 107 0 0 0 0 0 0 0 0 0 0 0 0 0 0 0 0 0 0 0 0 0 0 0 0 0 0 0 0 0 0 0 0 0 0 0 0 0 0 0 0 0 0 0 0 0 0 0 0 0 0 0 0 0 0 0 0 0 0 0 0 0 0 0 0 0 0 0 0 0 0 0 0 0 0 0 0 0 0 0 0 0 0 0 0 0 25 0 0 0 0 0 0 0 0 0 0 0 0 0 0 0 1 0 0 0 0 0 0 0 0 0 0 0 0 0 0 0 0 2 0 0 73 168 0 0 1 0 0 0 0 0 0 0 0 0 0 0 2 0 0 0 0 0 9 0 4 0 1 0 176 0 0 0 255 255 255 255 2 0 1 0 0 0 0 0 data 22 0x10002 0x1509 0x50007 0x1509 0x30 0x0 0xd0002 0x0 0x120007 0x1509 0x30 0x0 0x1a0002 0x0 0x230007 0x1509 0x30 0x0 0x2d0002 0x0 0x370002 0x1509 oops 0
ciMethod java/io/ByteArrayInputStream <init> ([B)V 145 1 42 0 0
ciMethod java/util/zip/ZipFile$ZipFileInputStream <init> (Ljava/util/zip/ZipFile;J)V 2065 1 1830 0 0
ciMethod java/util/zip/Inflater <init> (Z)V 409 1 76 0 0
ciMethod java/util/zip/Inflater ended ()Z 2057 1 3560 0 0
ciMethod java/util/zip/Inflater init (Z)J 609 1 76 0 -1
ciMethod java/util/zip/ZStreamRef <init> (J)V 409 1 76 0 -1
ciMethod java/util/zip/ZStreamRef address ()J 2097 1 16168 0 0
ciMethod java/util/zip/ZipFile$ZipFileInflaterInputStream <init> (Ljava/util/zip/ZipFile;Ljava/util/zip/ZipFile$ZipFileInputStream;Ljava/util/zip/Inflater;I)V 1969 1 1818 0 -1
ciMethod sun/misc/IOUtils readFully (Ljava/io/InputStream;IZ)[B 1049 1465 131 0 -1
ciMethod sun/misc/URLClassPath$JarLoader$2 getCodeSourceURL ()Ljava/net/URL; 2057 1 1628 0 0
ciMethod sun/misc/URLClassPath$JarLoader$2 getInputStream ()Ljava/io/InputStream; 3073 1 1628 0 0
ciMethod sun/misc/URLClassPath$JarLoader$2 getManifest ()Ljava/util/jar/Manifest; 3073 1 1628 0 0
ciMethod sun/misc/Resource getCodeSourceURL ()Ljava/net/URL; 0 0 1 0 -1
ciMethod sun/misc/Resource getInputStream ()Ljava/io/InputStream; 0 0 1 0 -1
ciMethod sun/misc/Resource cachedInputStream ()Ljava/io/InputStream; 2049 1 3256 0 0
ciMethod sun/misc/Resource getBytes ()[B 2073 4313 1628 0 -1
ciMethod sun/misc/Resource getByteBuffer ()Ljava/nio/ByteBuffer; 2073 1 1628 0 0
ciMethod sun/misc/Resource getManifest ()Ljava/util/jar/Manifest; 0 0 1 0 -1
ciMethod sun/misc/Resource getCodeSigners ()[Ljava/security/CodeSigner; 0 0 1 0 -1
ciMethod java/util/jar/Manifest <init> (Ljava/io/InputStream;)V 137 1 41 0 0
ciMethod java/util/jar/Manifest getMainAttributes ()Ljava/util/jar/Attributes; 1025 1 128 0 0
ciMethod java/util/jar/Manifest getEntries ()Ljava/util/Map; 1025 1 128 0 0
ciMethod java/util/jar/Manifest getAttributes (Ljava/lang/String;)Ljava/util/jar/Attributes; 2513 1 1623 0 0
ciMethod java/util/jar/Manifest read (Ljava/io/InputStream;)V 137 1 41 0 -1
ciMethod java/util/jar/Manifest parseName ([BI)Ljava/lang/String; 9 1 1 0 -1
ciMethod java/util/jar/Attributes <init> ()V 137 1 41 0 0
ciMethod java/util/jar/Attributes <init> (I)V 137 1 42 0 0
ciMethod java/util/jar/Attributes get (Ljava/lang/Object;)Ljava/lang/Object; 2041 1 2906 0 0
ciMethod java/util/jar/Attributes getValue (Ljava/util/jar/Attributes$Name;)Ljava/lang/String; 2049 1 2906 0 0
ciMethod java/util/jar/Attributes size ()I 9 1 1 0 -1
ciMethod java/util/jar/Attributes read (Ljava/util/jar/Manifest$FastInputStream;[B)V 337 85721 42 0 -1
ciMethod java/util/jar/Manifest$FastInputStream <init> (Ljava/io/InputStream;)V 329 1 41 0 -1
ciMethod java/util/jar/Manifest$FastInputStream peek ()B 2049 1 900 0 -1
ciMethod java/util/jar/Manifest$FastInputStream readLine ([B)I 2057 1 983 0 -1
ciMethod java/util/jar/Attributes$Name equals (Ljava/lang/Object;)Z 2081 1 956 0 0
ciMethod java/util/jar/Attributes$Name hashCode ()I 2049 1 3518 0 0
ciMethod java/util/jar/JarVerifier <init> ([B)V 137 1 41 0 0
ciMethod java/util/jar/JarVerifier$3 <init> (Ljava/util/jar/JarVerifier;)V 329 1 41 0 0
ciMethod java/io/ByteArrayOutputStream <init> ()V 1825 1 228 0 0
ciMethod java/io/ByteArrayOutputStream <init> (I)V 1841 1 230 0 0
ciMethod java/lang/Package isSealed ()Z 2049 1 1413 0 0
ciMethod java/lang/Package isSealed (Ljava/net/URL;)Z 0 0 1 0 -1
ciMethod java/lang/Package <init> (Ljava/lang/String;Ljava/lang/String;Ljava/lang/String;Ljava/lang/String;Ljava/lang/String;Ljava/lang/String;Ljava/lang/String;Ljava/net/URL;Ljava/lang/ClassLoader;)V 1721 1 215 0 -1
ciMethod java/lang/Package getSystemPackage (Ljava/lang/String;)Ljava/lang/Package; 545 1 430 0 0
ciMethod java/lang/Package defineSystemPackage (Ljava/lang/String;Ljava/lang/String;)Ljava/lang/Package; 0 0 1 0 0
ciMethod java/lang/Package getSystemPackage0 (Ljava/lang/String;)Ljava/lang/String; 2049 1 256 0 -1
ciMethod sun/nio/ByteBuffered getByteBuffer ()Ljava/nio/ByteBuffer; 0 0 1 0 -1
ciMethodData java/lang/String startsWith (Ljava/lang/String;I)Z 2 9338 orig 264 104 158 187 108 0 0 0 0 120 77 54 22 0 0 0 0 176 1 0 0 32 0 0 0 0 0 0 0 0 0 0 0 0 0 0 0 0 0 0 0 0 0 0 0 0 0 0 0 0 0 0 0 0 0 0 0 0 0 0 0 0 0 0 0 0 0 0 0 0 0 0 0 0 0 0 0 0 0 0 0 77 68 79 32 101 120 116 114 97 32 100 97 116 97 32 108 111 99 107 0 0 0 0 0 0 0 0 0 0 0 0 0 0 0 0 0 0 0 0 0 0 0 0 0 0 0 0 0 0 0 0 0 0 0 0 0 0 0 0 0 0 0 0 0 0 0 0 0 0 0 0 0 0 0 0 0 0 0 0 0 0 0 0 0 0 0 0 0 0 0 0 0 0 0 0 0 0 0 0 0 0 0 0 0 0 0 0 0 0 0 0 0 0 0 0 0 0 0 0 0 0 0 0 0 0 0 0 0 0 0 0 0 0 0 0 0 45 1 0 0 49 161 0 0 105 26 1 0 0 0 0 0 0 0 0 0 2 0 0 0 1 0 13 0 4 0 1 0 128 0 0 0 255 255 255 255 7 0 25 0 0 0 0 0 data 16 0x190007 0x1 0x40 0x1425 0x250007 0x135f 0x20 0xc6 0x2f0007 0x1e3 0x40 0x234d 0x410007 0x11d1 0xffffffffffffffe0 0x117c oops 0
ciMethodData java/util/Arrays copyOf ([CI)[C 2 10172 orig 264 104 158 187 108 0 0 0 0 136 247 69 22 0 0 0 0 112 1 0 0 0 0 0 0 0 0 0 0 0 0 0 0 0 0 0 0 0 0 0 0 0 0 0 0 0 0 0 0 0 0 0 0 0 0 0 0 0 0 0 0 0 0 0 0 0 0 0 0 0 0 0 0 0 0 0 0 0 0 0 0 77 68 79 32 101 120 116 114 97 32 100 97 116 97 32 108 111 99 107 0 0 0 0 0 0 0 0 0 0 0 0 0 0 0 0 0 0 0 0 0 0 0 0 0 0 0 0 0 0 0 0 0 0 0 0 0 0 0 0 0 0 0 0 0 0 0 0 0 0 0 0 0 0 0 0 0 0 0 0 0 0 0 0 0 0 0 0 0 0 0 0 0 0 0 0 0 0 0 0 0 0 0 0 0 0 0 0 0 0 0 0 0 0 0 0 0 0 0 0 0 0 0 0 0 0 0 0 0 0 0 0 0 0 0 0 0 0 1 0 0 225 53 1 0 1 0 0 0 0 0 0 0 0 0 0 0 2 0 0 0 0 0 7 0 3 0 1 0 32 0 0 0 255 255 255 255 2 0 11 0 0 0 0 0 data 4 0xb0002 0x26bc 0xe0002 0x26bc oops 0
ciMethodData java/util/HashMap hash (Ljava/lang/Object;)I 2 20502 orig 264 104 158 187 108 0 0 0 0 192 118 68 22 0 0 0 0 176 1 0 0 32 0 0 0 0 0 0 0 0 0 0 0 0 0 0 0 0 0 0 0 0 0 0 0 0 0 0 0 0 0 0 0 0 0 0 0 0 0 0 0 0 0 0 0 0 0 0 0 0 0 0 0 0 0 0 0 0 0 0 0 77 68 79 32 101 120 116 114 97 32 100 97 116 97 32 108 111 99 107 0 0 0 0 0 0 0 0 0 0 0 0 0 0 0 0 0 0 0 0 0 0 0 0 0 0 0 0 0 0 0 0 0 0 0 0 0 0 0 0 0 0 0 0 0 0 0 0 0 0 0 0 0 0 0 0 0 0 0 0 0 0 0 0 0 0 0 0 0 0 0 0 0 0 0 0 0 0 0 0 0 0 0 0 0 17 0 0 0 0 0 0 0 0 0 0 0 0 0 0 0 0 0 0 0 0 0 0 0 0 0 0 0 0 0 0 0 0 2 0 0 177 112 2 0 1 0 0 0 0 0 0 0 0 0 0 0 2 0 0 0 0 0 6 0 4 0 1 0 104 0 0 0 255 255 255 255 7 0 1 0 0 0 0 0 data 13 0x10007 0x4e16 0x38 0x0 0x50003 0x0 0x48 0x90005 0x3d48 0x2a67c00 0x2c9 0x2a675d0 0xd11 oops 2